<?xml version="1.0" encoding="UTF-8"?>
<!-- Generated by org.testng.reporters.JUnitReportReporter -->
<testsuite hostname="LAPTOP-OOJD2GM0" failures="0" tests="1" name="com.allapis.Day3CookiesAndHeaders" time="2.587" errors="0" timestamp="04 Jul 2023 06:08:28 GMT" skipped="0">
  <testcase classname="com.allapis.Day3CookiesAndHeaders" name="getCookiesinfo" time="2.587"/>
</testsuite> <!-- com.allapis.Day3CookiesAndHeaders -->
