<?xml version="1.0" encoding="UTF-8"?>
<!-- Generated by org.testng.reporters.JUnitReportReporter -->
<testsuite hostname="LAPTOP-OOJD2GM0" failures="0" tests="1" name="com.allapis.Day2ByUsingExternalSON" time="5.897" errors="0" timestamp="25 Jul 2023 04:09:39 GMT" skipped="0">
  <testcase classname="com.allapis.Day2ByUsingExternalSON" name="testPostUsingExternalSON" time="5.897"/>
</testsuite> <!-- com.allapis.Day2ByUsingExternalSON -->
