<?xml version="1.0" encoding="UTF-8"?>
<!-- Generated by org.testng.reporters.JUnitReportReporter -->
<testsuite hostname="LAPTOP-OOJD2GM0" failures="0" tests="1" name="com.allapis.Day3CookiesAndHeaders" time="3.906" errors="0" timestamp="22 Jun 2023 11:04:24 GMT" skipped="0">
  <testcase classname="com.allapis.Day3CookiesAndHeaders" name="getCookiesinfo" time="3.906"/>
</testsuite> <!-- com.allapis.Day3CookiesAndHeaders -->
