<?xml version="1.0" encoding="UTF-8"?>
<!-- Generated by org.testng.reporters.JUnitReportReporter -->
<testsuite hostname="LAPTOP-OOJD2GM0" failures="0" tests="1" name="com.allapis.Day4validations" time="6.245" errors="0" timestamp="22 Jun 2023 11:48:06 GMT" skipped="0">
  <testcase classname="com.allapis.Day4validations" name="responce" time="6.245"/>
</testsuite> <!-- com.allapis.Day4validations -->
