<?xml version="1.0" encoding="UTF-8"?>
<!-- Generated by org.testng.reporters.JUnitReportReporter -->
<testsuite hostname="LAPTOP-OOJD2GM0" failures="0" tests="1" name="com.allapis.Day3usingHeaderValidations" time="10.685" errors="0" timestamp="04 Oct 2023 10:34:01 GMT" skipped="0">
  <testcase classname="com.allapis.Day3usingHeaderValidations" name="getHeaderValidations" time="10.685"/>
</testsuite> <!-- com.allapis.Day3usingHeaderValidations -->
