<?xml version="1.0" encoding="UTF-8"?>
<!-- Generated by org.testng.reporters.JUnitReportReporter -->
<testsuite hostname="LAPTOP-OOJD2GM0" failures="0" tests="1" name="com.allapis.Day3usingHeaderValidations" time="2.497" errors="0" timestamp="20 Jun 2023 14:37:27 GMT" skipped="0">
  <testcase classname="com.allapis.Day3usingHeaderValidations" name="getHeaderValidations" time="2.497"/>
</testsuite> <!-- com.allapis.Day3usingHeaderValidations -->
