<?xml version="1.0" encoding="UTF-8"?>
<!-- Generated by org.testng.reporters.JUnitReportReporter -->
<testsuite hostname="LAPTOP-OOJD2GM0" failures="0" tests="1" name="com.allapis.Day3PathandQuaryParameter" time="4.550" errors="0" timestamp="20 Jun 2023 10:07:25 GMT" skipped="0">
  <testcase classname="com.allapis.Day3PathandQuaryParameter" name="TestQuaryAndpath" time="4.550"/>
</testsuite> <!-- com.allapis.Day3PathandQuaryParameter -->
