<?xml version="1.0" encoding="UTF-8"?>
<!-- Generated by org.testng.reporters.JUnitReportReporter -->
<testsuite hostname="LAPTOP-OOJD2GM0" failures="0" tests="2" name="com.allapis.Day2DiffwaysToCreatePostRequestBody" time="7.221" errors="0" timestamp="20 Jun 2023 07:14:46 GMT" skipped="0">
  <testcase classname="com.allapis.Day2DiffwaysToCreatePostRequestBody" name="testPostusingHshMap" time="6.521"/>
  <testcase classname="com.allapis.Day2DiffwaysToCreatePostRequestBody" name="testDelete" time="0.700"/>
</testsuite> <!-- com.allapis.Day2DiffwaysToCreatePostRequestBody -->
