<?xml version="1.0" encoding="UTF-8"?>
<!-- Generated by org.testng.reporters.JUnitReportReporter -->
<testsuite hostname="LAPTOP-OOJD2GM0" failures="0" tests="1" name="com.allapis.Day2ByusingPOJO" time="3.635" errors="0" timestamp="20 Jun 2023 08:35:49 GMT" skipped="0">
  <testcase classname="com.allapis.Day2ByusingPOJO" name="testPostUsingPOJO" time="3.635"/>
</testsuite> <!-- com.allapis.Day2ByusingPOJO -->
