<?xml version="1.0" encoding="UTF-8"?>
<!-- Generated by org.testng.reporters.JUnitReportReporter -->
<testsuite hostname="LAPTOP-OOJD2GM0" failures="0" tests="4" name="com.allapis.HttpRequests" time="9.393" errors="0" timestamp="22 Jun 2023 10:35:08 GMT" skipped="0">
  <testcase classname="com.allapis.HttpRequests" name="getUser" time="5.987"/>
  <testcase classname="com.allapis.HttpRequests" name="createUser" time="1.927"/>
  <testcase classname="com.allapis.HttpRequests" name="updateUser" time="0.849"/>
  <testcase classname="com.allapis.HttpRequests" name="deleteUser" time="0.630"/>
</testsuite> <!-- com.allapis.HttpRequests -->
