<?xml version="1.0" encoding="UTF-8"?>
<!-- Generated by org.testng.reporters.JUnitReportReporter -->
<testsuite hostname="LAPTOP-OOJD2GM0" failures="0" tests="1" name="com.allapis.Day4validations" time="4.652" errors="0" timestamp="25 Jul 2023 05:24:20 GMT" skipped="0">
  <testcase classname="com.allapis.Day4validations" name="testJSONResponseBodyData" time="4.652"/>
</testsuite> <!-- com.allapis.Day4validations -->
