<?xml version="1.0" encoding="UTF-8"?>
<!-- Generated by org.testng.reporters.JUnitReportReporter -->
<testsuite hostname="LAPTOP-OOJD2GM0" failures="0" tests="1" name="com.allapis.Day2ByUsingExternalSON" time="2.966" errors="0" timestamp="20 Jun 2023 08:54:42 GMT" skipped="0">
  <testcase classname="com.allapis.Day2ByUsingExternalSON" name="testPostUsingExternalSON" time="2.966"/>
</testsuite> <!-- com.allapis.Day2ByUsingExternalSON -->
