<?xml version="1.0" encoding="UTF-8"?>
<!-- Generated by org.testng.reporters.JUnitReportReporter -->
<testsuite hostname="LAPTOP-OOJD2GM0" failures="0" tests="1" name="com.allapis.FileUploadTest" time="4.851" errors="0" timestamp="25 Jul 2023 09:08:30 GMT" skipped="0">
  <testcase classname="com.allapis.FileUploadTest" name="uploadSingleFile" time="4.851"/>
</testsuite> <!-- com.allapis.FileUploadTest -->
