<?xml version="1.0" encoding="UTF-8"?>
<!-- Generated by org.testng.reporters.JUnitReportReporter -->
<testsuite hostname="LAPTOP-OOJD2GM0" failures="0" tests="1" name="com.allapis.Day2ByusingPOJO" time="4.854" errors="0" timestamp="25 Jul 2023 04:12:31 GMT" skipped="0">
  <testcase classname="com.allapis.Day2ByusingPOJO" name="testPostUsingPOJO" time="4.854"/>
</testsuite> <!-- com.allapis.Day2ByusingPOJO -->
