<?xml version="1.0" encoding="UTF-8"?>
<!-- Generated by org.testng.reporters.JUnitReportReporter -->
<testsuite hostname="LAPTOP-OOJD2GM0" failures="0" tests="2" name="com.allapis.Day5XMLbodyFileUploadAndLoad" time="4.803" errors="0" timestamp="25 Jul 2023 08:13:34 GMT" skipped="0">
  <testcase classname="com.allapis.Day5XMLbodyFileUploadAndLoad" name="getPostXMLvalidation" time="4.438"/>
  <testcase classname="com.allapis.Day5XMLbodyFileUploadAndLoad" name="getAnother" time="0.365"/>
</testsuite> <!-- com.allapis.Day5XMLbodyFileUploadAndLoad -->
